<?xml version="1.0" encoding="UTF-8"?>
<coverage generated="1657526097972" clover="3.2.0">
  <project timestamp="1657526097972" name="All files">
    <metrics statements="148" coveredstatements="140" conditionals="13" coveredconditionals="8" methods="25" coveredmethods="25" elements="186" coveredelements="173" complexity="0" loc="148" ncloc="148" packages="11" files="18" classes="18"/>
    <package name="enums">
      <metrics statements="4" coveredstatements="4" conditionals="2" coveredconditionals="2" methods="1" coveredmethods="1"/>
      <file name="index.ts" path="/Users/warren1230/Desktop/Projects/exams/chargeflow-test/src/enums/index.ts">
        <metrics statements="4" coveredstatements="4" conditionals="2" coveredconditionals="2" methods="1" coveredmethods="1"/>
        <line num="1" count="8" type="cond" truecount="2" falsecount="0"/>
        <line num="2" count="8" type="stmt"/>
        <line num="3" count="8" type="stmt"/>
        <line num="6" count="8" type="stmt"/>
      </file>
    </package>
    <package name="functions.addProduct">
      <metrics statements="11" coveredstatements="11" conditionals="2" coveredconditionals="1" methods="1" coveredmethods="1"/>
      <file name="handler.ts" path="/Users/warren1230/Desktop/Projects/exams/chargeflow-test/src/functions/addProduct/handler.ts">
        <metrics statements="11" coveredstatements="11" conditionals="2" coveredconditionals="1" methods="1" coveredmethods="1"/>
        <line num="1" count="2" type="stmt"/>
        <line num="6" count="2" type="stmt"/>
        <line num="7" count="2" type="stmt"/>
        <line num="11" count="2" type="stmt"/>
        <line num="13" count="2" type="stmt"/>
        <line num="14" count="3" type="stmt"/>
        <line num="15" count="3" type="cond" truecount="1" falsecount="1"/>
        <line num="16" count="2" type="stmt"/>
        <line num="17" count="2" type="stmt"/>
        <line num="21" count="1" type="stmt"/>
        <line num="25" count="2" type="stmt"/>
      </file>
    </package>
    <package name="functions.catalog">
      <metrics statements="9" coveredstatements="8" conditionals="0" coveredconditionals="0" methods="1" coveredmethods="1"/>
      <file name="handler.ts" path="/Users/warren1230/Desktop/Projects/exams/chargeflow-test/src/functions/catalog/handler.ts">
        <metrics statements="9" coveredstatements="8" conditionals="0" coveredconditionals="0" methods="1" coveredmethods="1"/>
        <line num="1" count="1" type="stmt"/>
        <line num="6" count="1" type="stmt"/>
        <line num="7" count="1" type="stmt"/>
        <line num="9" count="1" type="stmt"/>
        <line num="10" count="1" type="stmt"/>
        <line num="11" count="1" type="stmt"/>
        <line num="12" count="1" type="stmt"/>
        <line num="16" count="0" type="stmt"/>
        <line num="20" count="1" type="stmt"/>
      </file>
    </package>
    <package name="functions.checkout">
      <metrics statements="13" coveredstatements="13" conditionals="2" coveredconditionals="1" methods="1" coveredmethods="1"/>
      <file name="handler.ts" path="/Users/warren1230/Desktop/Projects/exams/chargeflow-test/src/functions/checkout/handler.ts">
        <metrics statements="13" coveredstatements="13" conditionals="2" coveredconditionals="1" methods="1" coveredmethods="1"/>
        <line num="1" count="1" type="stmt"/>
        <line num="6" count="1" type="stmt"/>
        <line num="7" count="1" type="stmt"/>
        <line num="8" count="1" type="stmt"/>
        <line num="13" count="1" type="stmt"/>
        <line num="15" count="1" type="stmt"/>
        <line num="16" count="2" type="stmt"/>
        <line num="17" count="2" type="cond" truecount="1" falsecount="1"/>
        <line num="19" count="2" type="stmt"/>
        <line num="22" count="1" type="stmt"/>
        <line num="23" count="1" type="stmt"/>
        <line num="27" count="1" type="stmt"/>
        <line num="31" count="1" type="stmt"/>
      </file>
    </package>
    <package name="functions.getProduct">
      <metrics statements="10" coveredstatements="9" conditionals="0" coveredconditionals="0" methods="1" coveredmethods="1"/>
      <file name="handler.ts" path="/Users/warren1230/Desktop/Projects/exams/chargeflow-test/src/functions/getProduct/handler.ts">
        <metrics statements="10" coveredstatements="9" conditionals="0" coveredconditionals="0" methods="1" coveredmethods="1"/>
        <line num="1" count="1" type="stmt"/>
        <line num="6" count="1" type="stmt"/>
        <line num="7" count="1" type="stmt"/>
        <line num="9" count="1" type="stmt"/>
        <line num="12" count="1" type="stmt"/>
        <line num="13" count="1" type="stmt"/>
        <line num="14" count="1" type="stmt"/>
        <line num="15" count="1" type="stmt"/>
        <line num="19" count="0" type="stmt"/>
        <line num="23" count="1" type="stmt"/>
      </file>
    </package>
    <package name="functions.sendEmail">
      <metrics statements="15" coveredstatements="14" conditionals="1" coveredconditionals="0" methods="1" coveredmethods="1"/>
      <file name="handler.ts" path="/Users/warren1230/Desktop/Projects/exams/chargeflow-test/src/functions/sendEmail/handler.ts">
        <metrics statements="15" coveredstatements="14" conditionals="1" coveredconditionals="0" methods="1" coveredmethods="1"/>
        <line num="1" count="1" type="stmt"/>
        <line num="2" count="1" type="stmt"/>
        <line num="3" count="1" type="stmt"/>
        <line num="7" count="1" type="stmt"/>
        <line num="8" count="1" type="stmt"/>
        <line num="12" count="1" type="stmt"/>
        <line num="13" count="1" type="cond" truecount="0" falsecount="1"/>
        <line num="14" count="1" type="stmt"/>
        <line num="16" count="1" type="stmt"/>
        <line num="17" count="1" type="stmt"/>
        <line num="19" count="1" type="stmt"/>
        <line num="20" count="1" type="stmt"/>
        <line num="21" count="1" type="stmt"/>
        <line num="23" count="0" type="stmt"/>
        <line num="27" count="1" type="stmt"/>
      </file>
    </package>
    <package name="libs">
      <metrics statements="12" coveredstatements="12" conditionals="4" coveredconditionals="4" methods="5" coveredmethods="5"/>
      <file name="api-gateway.ts" path="/Users/warren1230/Desktop/Projects/exams/chargeflow-test/src/libs/api-gateway.ts">
        <metrics statements="6" coveredstatements="6" conditionals="4" coveredconditionals="4" methods="3" coveredmethods="3"/>
        <line num="16" count="5" type="stmt"/>
        <line num="17" count="6" type="stmt"/>
        <line num="23" count="5" type="stmt"/>
        <line num="24" count="2" type="stmt"/>
        <line num="33" count="5" type="stmt"/>
        <line num="34" count="4" type="stmt"/>
      </file>
      <file name="handler-resolver.ts" path="/Users/warren1230/Desktop/Projects/exams/chargeflow-test/src/libs/handler-resolver.ts">
        <metrics statements="2" coveredstatements="2" conditionals="0" coveredconditionals="0" methods="1" coveredmethods="1"/>
        <line num="1" count="1" type="stmt"/>
        <line num="2" count="1" type="stmt"/>
      </file>
      <file name="lambda.ts" path="/Users/warren1230/Desktop/Projects/exams/chargeflow-test/src/libs/lambda.ts">
        <metrics statements="4" coveredstatements="4" conditionals="0" coveredconditionals="0" methods="1" coveredmethods="1"/>
        <line num="1" count="6" type="stmt"/>
        <line num="2" count="6" type="stmt"/>
        <line num="4" count="6" type="stmt"/>
        <line num="5" count="8" type="stmt"/>
      </file>
    </package>
    <package name="model">
      <metrics statements="10" coveredstatements="10" conditionals="0" coveredconditionals="0" methods="0" coveredmethods="0"/>
      <file name="order.model.ts" path="/Users/warren1230/Desktop/Projects/exams/chargeflow-test/src/model/order.model.ts">
        <metrics statements="5" coveredstatements="5" conditionals="0" coveredconditionals="0" methods="0" coveredmethods="0"/>
        <line num="1" count="2" type="stmt"/>
        <line num="2" count="2" type="stmt"/>
        <line num="4" count="2" type="stmt"/>
        <line num="6" count="2" type="stmt"/>
        <line num="8" count="2" type="stmt"/>
      </file>
      <file name="product.model.ts" path="/Users/warren1230/Desktop/Projects/exams/chargeflow-test/src/model/product.model.ts">
        <metrics statements="5" coveredstatements="5" conditionals="0" coveredconditionals="0" methods="0" coveredmethods="0"/>
        <line num="1" count="7" type="stmt"/>
        <line num="2" count="7" type="stmt"/>
        <line num="3" count="7" type="stmt"/>
        <line num="6" count="7" type="stmt"/>
        <line num="8" count="7" type="stmt"/>
      </file>
    </package>
    <package name="schema">
      <metrics statements="7" coveredstatements="7" conditionals="0" coveredconditionals="0" methods="0" coveredmethods="0"/>
      <file name="order.schema.ts" path="/Users/warren1230/Desktop/Projects/exams/chargeflow-test/src/schema/order.schema.ts">
        <metrics statements="4" coveredstatements="4" conditionals="0" coveredconditionals="0" methods="0" coveredmethods="0"/>
        <line num="1" count="2" type="stmt"/>
        <line num="2" count="2" type="stmt"/>
        <line num="4" count="2" type="stmt"/>
        <line num="10" count="2" type="stmt"/>
      </file>
      <file name="product.schema.ts" path="/Users/warren1230/Desktop/Projects/exams/chargeflow-test/src/schema/product.schema.ts">
        <metrics statements="3" coveredstatements="3" conditionals="0" coveredconditionals="0" methods="0" coveredmethods="0"/>
        <line num="1" count="7" type="stmt"/>
        <line num="3" count="7" type="stmt"/>
        <line num="9" count="7" type="stmt"/>
      </file>
    </package>
    <package name="services">
      <metrics statements="50" coveredstatements="45" conditionals="2" coveredconditionals="0" methods="14" coveredmethods="14"/>
      <file name="email-sns.service.ts" path="/Users/warren1230/Desktop/Projects/exams/chargeflow-test/src/services/email-sns.service.ts">
        <metrics statements="20" coveredstatements="18" conditionals="2" coveredconditionals="0" methods="6" coveredmethods="6"/>
        <line num="1" count="3" type="stmt"/>
        <line num="2" count="3" type="stmt"/>
        <line num="5" count="3" type="stmt"/>
        <line num="6" count="3" type="stmt"/>
        <line num="11" count="3" type="stmt"/>
        <line num="12" count="2" type="stmt"/>
        <line num="13" count="2" type="stmt"/>
        <line num="14" count="2" type="stmt"/>
        <line num="19" count="2" type="stmt"/>
        <line num="20" count="2" type="cond" truecount="0" falsecount="1"/>
        <line num="21" count="0" type="stmt"/>
        <line num="23" count="2" type="stmt"/>
        <line num="26" count="0" type="stmt"/>
        <line num="31" count="3" type="stmt"/>
        <line num="36" count="2" type="stmt"/>
        <line num="37" count="2" type="stmt"/>
        <line num="39" count="2" type="stmt"/>
        <line num="45" count="2" type="stmt"/>
        <line num="46" count="2" type="cond" truecount="0" falsecount="1"/>
        <line num="47" count="2" type="stmt"/>
      </file>
      <file name="order.service.ts" path="/Users/warren1230/Desktop/Projects/exams/chargeflow-test/src/services/order.service.ts">
        <metrics statements="9" coveredstatements="9" conditionals="0" coveredconditionals="0" methods="2" coveredmethods="2"/>
        <line num="1" count="2" type="stmt"/>
        <line num="2" count="2" type="stmt"/>
        <line num="5" count="2" type="stmt"/>
        <line num="6" count="3" type="stmt"/>
        <line num="7" count="3" type="stmt"/>
        <line num="8" count="3" type="stmt"/>
        <line num="9" count="3" type="stmt"/>
        <line num="10" count="2" type="stmt"/>
        <line num="12" count="1" type="stmt"/>
      </file>
      <file name="product.service.ts" path="/Users/warren1230/Desktop/Projects/exams/chargeflow-test/src/services/product.service.ts">
        <metrics statements="21" coveredstatements="18" conditionals="0" coveredconditionals="0" methods="6" coveredmethods="6"/>
        <line num="1" count="5" type="stmt"/>
        <line num="2" count="5" type="stmt"/>
        <line num="5" count="5" type="stmt"/>
        <line num="6" count="3" type="stmt"/>
        <line num="7" count="3" type="stmt"/>
        <line num="8" count="3" type="stmt"/>
        <line num="9" count="3" type="stmt"/>
        <line num="10" count="3" type="stmt"/>
        <line num="12" count="0" type="stmt"/>
        <line num="17" count="5" type="stmt"/>
        <line num="18" count="1" type="stmt"/>
        <line num="19" count="1" type="stmt"/>
        <line num="20" count="1" type="stmt"/>
        <line num="21" count="1" type="stmt"/>
        <line num="23" count="0" type="stmt"/>
        <line num="28" count="5" type="stmt"/>
        <line num="29" count="2" type="stmt"/>
        <line num="30" count="2" type="stmt"/>
        <line num="31" count="2" type="stmt"/>
        <line num="32" count="2" type="stmt"/>
        <line num="34" count="0" type="stmt"/>
      </file>
    </package>
    <package name="utils">
      <metrics statements="7" coveredstatements="7" conditionals="0" coveredconditionals="0" methods="0" coveredmethods="0"/>
      <file name="aws.ts" path="/Users/warren1230/Desktop/Projects/exams/chargeflow-test/src/utils/aws.ts">
        <metrics statements="4" coveredstatements="4" conditionals="0" coveredconditionals="0" methods="0" coveredmethods="0"/>
        <line num="1" count="3" type="stmt"/>
        <line num="2" count="3" type="stmt"/>
        <line num="3" count="3" type="stmt"/>
        <line num="5" count="3" type="stmt"/>
      </file>
      <file name="dynamoose.ts" path="/Users/warren1230/Desktop/Projects/exams/chargeflow-test/src/utils/dynamoose.ts">
        <metrics statements="3" coveredstatements="3" conditionals="0" coveredconditionals="0" methods="0" coveredmethods="0"/>
        <line num="1" count="7" type="stmt"/>
        <line num="3" count="7" type="stmt"/>
        <line num="7" count="7" type="stmt"/>
      </file>
    </package>
  </project>
</coverage>
