{"/Users/warren1230/Desktop/Projects/exams/chargeflow-test/src/enums/index.ts": {"path":"/Users/warren1230/Desktop/Projects/exams/chargeflow-test/src/enums/index.ts","statementMap":{"0":{"start":{"line":1,"column":0},"end":{"line":1,"column":null}},"1":{"start":{"line":2,"column":2},"end":{"line":2,"column":null}},"2":{"start":{"line":3,"column":2},"end":{"line":3,"column":null}},"3":{"start":{"line":6,"column":13},"end":{"line":6,"column":39}}},"fnMap":{"0":{"name":"(anonymous_0)","decl":{"start":{"line":1,"column":0},"end":{"line":1,"column":12}},"loc":{"start":{"line":1,"column":22},"end":{"line":4,"column":1}}}},"branchMap":{"0":{"loc":{"start":{"line":1,"column":12},"end":{"line":1,"column":null}},"type":"binary-expr","locations":[{"start":{"line":1,"column":12},"end":{"line":1,"column":22}},{"start":{"line":1,"column":12},"end":{"line":1,"column":null}}]}},"s":{"0":8,"1":8,"2":8,"3":8},"f":{"0":8},"b":{"0":[8,8]}}
,"/Users/warren1230/Desktop/Projects/exams/chargeflow-test/src/functions/addProduct/handler.ts": {"path":"/Users/warren1230/Desktop/Projects/exams/chargeflow-test/src/functions/addProduct/handler.ts","statementMap":{"0":{"start":{"line":1,"column":0},"end":{"line":1,"column":null}},"1":{"start":{"line":6,"column":0},"end":{"line":6,"column":39}},"2":{"start":{"line":7,"column":0},"end":{"line":7,"column":55}},"3":{"start":{"line":13,"column":4},"end":{"line":22,"column":1}},"4":{"start":{"line":14,"column":2},"end":{"line":21,"column":null}},"5":{"start":{"line":15,"column":21},"end":{"line":15,"column":56}},"6":{"start":{"line":16,"column":4},"end":{"line":18,"column":7}},"7":{"start":{"line":20,"column":4},"end":{"line":20,"column":26}},"8":{"start":{"line":11,"column":13},"end":{"line":11,"column":null}},"9":{"start":{"line":24,"column":13},"end":{"line":24,"column":43}}},"fnMap":{"0":{"name":"(anonymous_0)","decl":{"start":{"line":13,"column":4},"end":{"line":13,"column":9}},"loc":{"start":{"line":13,"column":20},"end":{"line":22,"column":1}}}},"branchMap":{},"s":{"0":2,"1":2,"2":2,"3":2,"4":3,"5":3,"6":2,"7":1,"8":2,"9":2},"f":{"0":3},"b":{}}
,"/Users/warren1230/Desktop/Projects/exams/chargeflow-test/src/functions/catalog/handler.ts": {"path":"/Users/warren1230/Desktop/Projects/exams/chargeflow-test/src/functions/catalog/handler.ts","statementMap":{"0":{"start":{"line":1,"column":0},"end":{"line":1,"column":null}},"1":{"start":{"line":6,"column":0},"end":{"line":6,"column":39}},"2":{"start":{"line":7,"column":0},"end":{"line":7,"column":59}},"3":{"start":{"line":9,"column":63},"end":{"line":18,"column":1}},"4":{"start":{"line":10,"column":2},"end":{"line":17,"column":null}},"5":{"start":{"line":11,"column":21},"end":{"line":11,"column":43}},"6":{"start":{"line":12,"column":4},"end":{"line":14,"column":7}},"7":{"start":{"line":16,"column":4},"end":{"line":16,"column":26}},"8":{"start":{"line":9,"column":13},"end":{"line":9,"column":63}},"9":{"start":{"line":20,"column":13},"end":{"line":20,"column":37}}},"fnMap":{"0":{"name":"(anonymous_0)","decl":{"start":{"line":9,"column":63},"end":{"line":9,"column":68}},"loc":{"start":{"line":9,"column":74},"end":{"line":18,"column":1}}}},"branchMap":{},"s":{"0":1,"1":1,"2":1,"3":1,"4":1,"5":1,"6":1,"7":0,"8":1,"9":1},"f":{"0":1},"b":{}}
,"/Users/warren1230/Desktop/Projects/exams/chargeflow-test/src/functions/checkout/handler.ts": {"path":"/Users/warren1230/Desktop/Projects/exams/chargeflow-test/src/functions/checkout/handler.ts","statementMap":{"0":{"start":{"line":1,"column":0},"end":{"line":1,"column":null}},"1":{"start":{"line":6,"column":0},"end":{"line":6,"column":39}},"2":{"start":{"line":7,"column":0},"end":{"line":7,"column":57}},"3":{"start":{"line":8,"column":0},"end":{"line":8,"column":54}},"4":{"start":{"line":15,"column":4},"end":{"line":27,"column":1}},"5":{"start":{"line":16,"column":2},"end":{"line":26,"column":null}},"6":{"start":{"line":17,"column":33},"end":{"line":18,"column":null}},"7":{"start":{"line":20,"column":4},"end":{"line":20,"column":38}},"8":{"start":{"line":21,"column":4},"end":{"line":23,"column":7}},"9":{"start":{"line":25,"column":4},"end":{"line":25,"column":26}},"10":{"start":{"line":13,"column":13},"end":{"line":13,"column":null}},"11":{"start":{"line":29,"column":13},"end":{"line":29,"column":45}}},"fnMap":{"0":{"name":"(anonymous_0)","decl":{"start":{"line":15,"column":4},"end":{"line":15,"column":9}},"loc":{"start":{"line":15,"column":20},"end":{"line":27,"column":1}}}},"branchMap":{},"s":{"0":1,"1":1,"2":1,"3":1,"4":1,"5":2,"6":2,"7":1,"8":1,"9":1,"10":1,"11":1},"f":{"0":2},"b":{}}
,"/Users/warren1230/Desktop/Projects/exams/chargeflow-test/src/functions/getProduct/handler.ts": {"path":"/Users/warren1230/Desktop/Projects/exams/chargeflow-test/src/functions/getProduct/handler.ts","statementMap":{"0":{"start":{"line":1,"column":0},"end":{"line":1,"column":null}},"1":{"start":{"line":6,"column":0},"end":{"line":6,"column":39}},"2":{"start":{"line":7,"column":0},"end":{"line":7,"column":60}},"3":{"start":{"line":9,"column":66},"end":{"line":21,"column":1}},"4":{"start":{"line":12,"column":2},"end":{"line":20,"column":null}},"5":{"start":{"line":13,"column":19},"end":{"line":13,"column":39}},"6":{"start":{"line":14,"column":21},"end":{"line":14,"column":46}},"7":{"start":{"line":15,"column":4},"end":{"line":17,"column":7}},"8":{"start":{"line":19,"column":4},"end":{"line":19,"column":26}},"9":{"start":{"line":9,"column":13},"end":{"line":9,"column":66}},"10":{"start":{"line":23,"column":13},"end":{"line":23,"column":40}}},"fnMap":{"0":{"name":"(anonymous_0)","decl":{"start":{"line":9,"column":66},"end":{"line":9,"column":71}},"loc":{"start":{"line":11,"column":4},"end":{"line":21,"column":1}}}},"branchMap":{},"s":{"0":1,"1":1,"2":1,"3":1,"4":1,"5":1,"6":1,"7":1,"8":0,"9":1,"10":1},"f":{"0":1},"b":{}}
,"/Users/warren1230/Desktop/Projects/exams/chargeflow-test/src/functions/sendEmail/handler.ts": {"path":"/Users/warren1230/Desktop/Projects/exams/chargeflow-test/src/functions/sendEmail/handler.ts","statementMap":{"0":{"start":{"line":1,"column":0},"end":{"line":1,"column":39}},"1":{"start":{"line":2,"column":0},"end":{"line":2,"column":58}},"2":{"start":{"line":3,"column":0},"end":{"line":3,"column":60}},"3":{"start":{"line":7,"column":32},"end":{"line":25,"column":1}},"4":{"start":{"line":8,"column":27},"end":{"line":9,"column":null}},"5":{"start":{"line":12,"column":20},"end":{"line":12,"column":56}},"6":{"start":{"line":13,"column":2},"end":{"line":13,"column":31}},"7":{"start":{"line":13,"column":24},"end":{"line":13,"column":31}},"8":{"start":{"line":14,"column":22},"end":{"line":14,"column":48}},"9":{"start":{"line":16,"column":18},"end":{"line":16,"column":60}},"10":{"start":{"line":17,"column":20},"end":{"line":17,"column":81}},"11":{"start":{"line":19,"column":2},"end":{"line":24,"column":null}},"12":{"start":{"line":20,"column":4},"end":{"line":20,"column":49}},"13":{"start":{"line":21,"column":4},"end":{"line":21,"column":16}},"14":{"start":{"line":23,"column":4},"end":{"line":23,"column":12}},"15":{"start":{"line":7,"column":13},"end":{"line":7,"column":32}},"16":{"start":{"line":27,"column":13},"end":{"line":27,"column":46}}},"fnMap":{"0":{"name":"(anonymous_0)","decl":{"start":{"line":7,"column":32},"end":{"line":7,"column":37}},"loc":{"start":{"line":7,"column":48},"end":{"line":25,"column":1}}}},"branchMap":{"0":{"loc":{"start":{"line":13,"column":2},"end":{"line":13,"column":31}},"type":"if","locations":[{"start":{"line":13,"column":2},"end":{"line":13,"column":31}}]}},"s":{"0":1,"1":1,"2":1,"3":1,"4":1,"5":1,"6":1,"7":0,"8":1,"9":1,"10":1,"11":1,"12":1,"13":1,"14":0,"15":1,"16":1},"f":{"0":1},"b":{"0":[0]}}
,"/Users/warren1230/Desktop/Projects/exams/chargeflow-test/src/libs/api-gateway.ts": {"path":"/Users/warren1230/Desktop/Projects/exams/chargeflow-test/src/libs/api-gateway.ts","statementMap":{"0":{"start":{"line":16,"column":18},"end":{"line":21,"column":1}},"1":{"start":{"line":17,"column":2},"end":{"line":20,"column":4}},"2":{"start":{"line":16,"column":13},"end":{"line":16,"column":18}},"3":{"start":{"line":23,"column":27},"end":{"line":31,"column":1}},"4":{"start":{"line":24,"column":2},"end":{"line":30,"column":4}},"5":{"start":{"line":23,"column":13},"end":{"line":23,"column":27}},"6":{"start":{"line":33,"column":27},"end":{"line":41,"column":1}},"7":{"start":{"line":34,"column":2},"end":{"line":40,"column":4}},"8":{"start":{"line":33,"column":13},"end":{"line":33,"column":27}}},"fnMap":{"0":{"name":"(anonymous_0)","decl":{"start":{"line":16,"column":18},"end":{"line":16,"column":19}},"loc":{"start":{"line":16,"column":56},"end":{"line":21,"column":1}}},"1":{"name":"(anonymous_1)","decl":{"start":{"line":23,"column":27},"end":{"line":23,"column":28}},"loc":{"start":{"line":23,"column":44},"end":{"line":31,"column":1}}},"2":{"name":"(anonymous_2)","decl":{"start":{"line":33,"column":27},"end":{"line":33,"column":28}},"loc":{"start":{"line":33,"column":44},"end":{"line":41,"column":1}}}},"branchMap":{"0":{"loc":{"start":{"line":27,"column":6},"end":{"line":29,"column":38}},"type":"cond-expr","locations":[{"start":{"line":28,"column":10},"end":{"line":28,"column":22}},{"start":{"line":29,"column":10},"end":{"line":29,"column":38}}]},"1":{"loc":{"start":{"line":37,"column":6},"end":{"line":39,"column":38}},"type":"cond-expr","locations":[{"start":{"line":38,"column":10},"end":{"line":38,"column":22}},{"start":{"line":39,"column":10},"end":{"line":39,"column":38}}]}},"s":{"0":5,"1":6,"2":5,"3":5,"4":2,"5":5,"6":5,"7":4,"8":5},"f":{"0":6,"1":2,"2":4},"b":{"0":[1,1],"1":[1,3]}}
,"/Users/warren1230/Desktop/Projects/exams/chargeflow-test/src/libs/handler-resolver.ts": {"path":"/Users/warren1230/Desktop/Projects/exams/chargeflow-test/src/libs/handler-resolver.ts","statementMap":{"0":{"start":{"line":1,"column":27},"end":{"line":3,"column":1}},"1":{"start":{"line":2,"column":2},"end":{"line":2,"column":null}},"2":{"start":{"line":1,"column":13},"end":{"line":1,"column":27}}},"fnMap":{"0":{"name":"(anonymous_0)","decl":{"start":{"line":1,"column":27},"end":{"line":1,"column":28}},"loc":{"start":{"line":1,"column":47},"end":{"line":3,"column":1}}}},"branchMap":{},"s":{"0":1,"1":1,"2":1},"f":{"0":1},"b":{}}
,"/Users/warren1230/Desktop/Projects/exams/chargeflow-test/src/libs/lambda.ts": {"path":"/Users/warren1230/Desktop/Projects/exams/chargeflow-test/src/libs/lambda.ts","statementMap":{"0":{"start":{"line":1,"column":0},"end":{"line":1,"column":31}},"1":{"start":{"line":2,"column":0},"end":{"line":2,"column":62}},"2":{"start":{"line":4,"column":23},"end":{"line":6,"column":1}},"3":{"start":{"line":5,"column":2},"end":{"line":5,"column":null}},"4":{"start":{"line":4,"column":13},"end":{"line":4,"column":23}}},"fnMap":{"0":{"name":"(anonymous_1)","decl":{"start":{"line":4,"column":23},"end":{"line":4,"column":24}},"loc":{"start":{"line":4,"column":35},"end":{"line":6,"column":1}}}},"branchMap":{},"s":{"0":6,"1":6,"2":6,"3":8,"4":6},"f":{"0":8},"b":{}}
,"/Users/warren1230/Desktop/Projects/exams/chargeflow-test/src/model/order.model.ts": {"path":"/Users/warren1230/Desktop/Projects/exams/chargeflow-test/src/model/order.model.ts","statementMap":{"0":{"start":{"line":1,"column":0},"end":{"line":1,"column":42}},"1":{"start":{"line":2,"column":0},"end":{"line":2,"column":47}},"2":{"start":{"line":4,"column":0},"end":{"line":4,"column":50}},"3":{"start":{"line":6,"column":14},"end":{"line":6,"column":70}},"4":{"start":{"line":8,"column":0},"end":{"line":8,"column":21}}},"fnMap":{},"branchMap":{},"s":{"0":2,"1":2,"2":2,"3":2,"4":2},"f":{},"b":{}}
,"/Users/warren1230/Desktop/Projects/exams/chargeflow-test/src/model/product.model.ts": {"path":"/Users/warren1230/Desktop/Projects/exams/chargeflow-test/src/model/product.model.ts","statementMap":{"0":{"start":{"line":1,"column":0},"end":{"line":1,"column":50}},"1":{"start":{"line":2,"column":0},"end":{"line":2,"column":38}},"2":{"start":{"line":3,"column":0},"end":{"line":3,"column":53}},"3":{"start":{"line":6,"column":16},"end":{"line":6,"column":78}},"4":{"start":{"line":8,"column":0},"end":{"line":8,"column":23}}},"fnMap":{},"branchMap":{},"s":{"0":7,"1":7,"2":7,"3":7,"4":7},"f":{},"b":{}}
,"/Users/warren1230/Desktop/Projects/exams/chargeflow-test/src/schema/order.schema.ts": {"path":"/Users/warren1230/Desktop/Projects/exams/chargeflow-test/src/schema/order.schema.ts","statementMap":{"0":{"start":{"line":1,"column":0},"end":{"line":1,"column":35}},"1":{"start":{"line":2,"column":0},"end":{"line":2,"column":43}},"2":{"start":{"line":4,"column":20},"end":{"line":8,"column":2}},"3":{"start":{"line":10,"column":0},"end":{"line":10,"column":27}}},"fnMap":{},"branchMap":{},"s":{"0":2,"1":2,"2":2,"3":2},"f":{},"b":{}}
,"/Users/warren1230/Desktop/Projects/exams/chargeflow-test/src/schema/product.schema.ts": {"path":"/Users/warren1230/Desktop/Projects/exams/chargeflow-test/src/schema/product.schema.ts","statementMap":{"0":{"start":{"line":1,"column":0},"end":{"line":1,"column":35}},"1":{"start":{"line":3,"column":22},"end":{"line":7,"column":2}},"2":{"start":{"line":9,"column":0},"end":{"line":9,"column":29}}},"fnMap":{},"branchMap":{},"s":{"0":7,"1":7,"2":7},"f":{},"b":{}}
,"/Users/warren1230/Desktop/Projects/exams/chargeflow-test/src/services/email-sns.service.ts": {"path":"/Users/warren1230/Desktop/Projects/exams/chargeflow-test/src/services/email-sns.service.ts","statementMap":{"0":{"start":{"line":1,"column":0},"end":{"line":1,"column":43}},"1":{"start":{"line":2,"column":0},"end":{"line":2,"column":33}},"2":{"start":{"line":5,"column":15},"end":{"line":5,"column":41}},"3":{"start":{"line":6,"column":16},"end":{"line":9,"column":2}},"4":{"start":{"line":12,"column":2},"end":{"line":28,"column":5}},"5":{"start":{"line":13,"column":4},"end":{"line":27,"column":null}},"6":{"start":{"line":14,"column":21},"end":{"line":17,"column":8}},"7":{"start":{"line":19,"column":6},"end":{"line":24,"column":9}},"8":{"start":{"line":20,"column":8},"end":{"line":22,"column":null}},"9":{"start":{"line":21,"column":10},"end":{"line":21,"column":24}},"10":{"start":{"line":23,"column":8},"end":{"line":23,"column":22}},"11":{"start":{"line":26,"column":6},"end":{"line":26,"column":16}},"12":{"start":{"line":11,"column":0},"end":{"line":11,"column":7}},"13":{"start":{"line":31,"column":27},"end":{"line":50,"column":1}},"14":{"start":{"line":36,"column":2},"end":{"line":49,"column":5}},"15":{"start":{"line":37,"column":26},"end":{"line":37,"column":31}},"16":{"start":{"line":39,"column":17},"end":{"line":44,"column":6}},"17":{"start":{"line":45,"column":4},"end":{"line":48,"column":7}},"18":{"start":{"line":46,"column":6},"end":{"line":46,"column":25}},"19":{"start":{"line":46,"column":15},"end":{"line":46,"column":25}},"20":{"start":{"line":47,"column":6},"end":{"line":47,"column":20}},"21":{"start":{"line":31,"column":13},"end":{"line":31,"column":27}}},"fnMap":{"0":{"name":"publishSNS","decl":{"start":{"line":11,"column":22},"end":{"line":11,"column":32}},"loc":{"start":{"line":11,"column":49},"end":{"line":29,"column":1}}},"1":{"name":"(anonymous_1)","decl":{"start":{"line":12,"column":21},"end":{"line":12,"column":26}},"loc":{"start":{"line":12,"column":47},"end":{"line":28,"column":3}}},"2":{"name":"(anonymous_2)","decl":{"start":{"line":19,"column":26},"end":{"line":19,"column":27}},"loc":{"start":{"line":19,"column":36},"end":{"line":24,"column":7}}},"3":{"name":"(anonymous_3)","decl":{"start":{"line":31,"column":27},"end":{"line":31,"column":null}},"loc":{"start":{"line":35,"column":4},"end":{"line":50,"column":1}}},"4":{"name":"(anonymous_4)","decl":{"start":{"line":36,"column":21},"end":{"line":36,"column":26}},"loc":{"start":{"line":36,"column":39},"end":{"line":49,"column":3}}},"5":{"name":"(anonymous_5)","decl":{"start":{"line":45,"column":34},"end":{"line":45,"column":44}},"loc":{"start":{"line":45,"column":53},"end":{"line":48,"column":5}}}},"branchMap":{"0":{"loc":{"start":{"line":20,"column":8},"end":{"line":22,"column":null}},"type":"if","locations":[{"start":{"line":20,"column":8},"end":{"line":22,"column":null}}]},"1":{"loc":{"start":{"line":46,"column":6},"end":{"line":46,"column":25}},"type":"if","locations":[{"start":{"line":46,"column":6},"end":{"line":46,"column":25}}]}},"s":{"0":3,"1":3,"2":3,"3":3,"4":2,"5":2,"6":2,"7":2,"8":2,"9":0,"10":2,"11":0,"12":3,"13":3,"14":2,"15":2,"16":2,"17":2,"18":2,"19":0,"20":2,"21":3},"f":{"0":2,"1":2,"2":2,"3":2,"4":2,"5":2},"b":{"0":[0],"1":[0]}}
,"/Users/warren1230/Desktop/Projects/exams/chargeflow-test/src/services/order.service.ts": {"path":"/Users/warren1230/Desktop/Projects/exams/chargeflow-test/src/services/order.service.ts","statementMap":{"0":{"start":{"line":1,"column":0},"end":{"line":1,"column":36}},"1":{"start":{"line":2,"column":0},"end":{"line":2,"column":39}},"2":{"start":{"line":6,"column":2},"end":{"line":14,"column":5}},"3":{"start":{"line":7,"column":4},"end":{"line":13,"column":null}},"4":{"start":{"line":8,"column":6},"end":{"line":8,"column":33}},"5":{"start":{"line":9,"column":23},"end":{"line":9,"column":51}},"6":{"start":{"line":10,"column":6},"end":{"line":10,"column":24}},"7":{"start":{"line":12,"column":6},"end":{"line":12,"column":16}},"8":{"start":{"line":5,"column":0},"end":{"line":5,"column":16}}},"fnMap":{"0":{"name":"createOrder","decl":{"start":{"line":5,"column":16},"end":{"line":5,"column":27}},"loc":{"start":{"line":5,"column":47},"end":{"line":15,"column":1}}},"1":{"name":"(anonymous_2)","decl":{"start":{"line":6,"column":21},"end":{"line":6,"column":26}},"loc":{"start":{"line":6,"column":47},"end":{"line":14,"column":3}}}},"branchMap":{},"s":{"0":2,"1":2,"2":3,"3":3,"4":3,"5":3,"6":2,"7":1,"8":2},"f":{"0":3,"1":3},"b":{}}
,"/Users/warren1230/Desktop/Projects/exams/chargeflow-test/src/services/product.service.ts": {"path":"/Users/warren1230/Desktop/Projects/exams/chargeflow-test/src/services/product.service.ts","statementMap":{"0":{"start":{"line":1,"column":0},"end":{"line":1,"column":36}},"1":{"start":{"line":2,"column":0},"end":{"line":2,"column":45}},"2":{"start":{"line":6,"column":2},"end":{"line":14,"column":5}},"3":{"start":{"line":7,"column":4},"end":{"line":13,"column":null}},"4":{"start":{"line":8,"column":6},"end":{"line":8,"column":35}},"5":{"start":{"line":9,"column":23},"end":{"line":9,"column":55}},"6":{"start":{"line":10,"column":6},"end":{"line":10,"column":24}},"7":{"start":{"line":12,"column":6},"end":{"line":12,"column":16}},"8":{"start":{"line":5,"column":0},"end":{"line":5,"column":16}},"9":{"start":{"line":18,"column":2},"end":{"line":25,"column":5}},"10":{"start":{"line":19,"column":4},"end":{"line":24,"column":null}},"11":{"start":{"line":20,"column":23},"end":{"line":20,"column":50}},"12":{"start":{"line":21,"column":6},"end":{"line":21,"column":24}},"13":{"start":{"line":23,"column":6},"end":{"line":23,"column":16}},"14":{"start":{"line":17,"column":0},"end":{"line":17,"column":16}},"15":{"start":{"line":29,"column":2},"end":{"line":36,"column":5}},"16":{"start":{"line":30,"column":4},"end":{"line":35,"column":null}},"17":{"start":{"line":31,"column":23},"end":{"line":31,"column":69}},"18":{"start":{"line":32,"column":6},"end":{"line":32,"column":24}},"19":{"start":{"line":34,"column":6},"end":{"line":34,"column":16}},"20":{"start":{"line":28,"column":0},"end":{"line":28,"column":16}}},"fnMap":{"0":{"name":"addProduct","decl":{"start":{"line":5,"column":16},"end":{"line":5,"column":26}},"loc":{"start":{"line":5,"column":50},"end":{"line":15,"column":1}}},"1":{"name":"(anonymous_2)","decl":{"start":{"line":6,"column":21},"end":{"line":6,"column":26}},"loc":{"start":{"line":6,"column":47},"end":{"line":14,"column":3}}},"2":{"name":"getAllProducts","decl":{"start":{"line":17,"column":16},"end":{"line":17,"column":30}},"loc":{"start":{"line":17,"column":30},"end":{"line":26,"column":1}}},"3":{"name":"(anonymous_4)","decl":{"start":{"line":18,"column":21},"end":{"line":18,"column":26}},"loc":{"start":{"line":18,"column":47},"end":{"line":25,"column":3}}},"4":{"name":"getAProductById","decl":{"start":{"line":28,"column":16},"end":{"line":28,"column":31}},"loc":{"start":{"line":28,"column":49},"end":{"line":37,"column":1}}},"5":{"name":"(anonymous_6)","decl":{"start":{"line":29,"column":21},"end":{"line":29,"column":26}},"loc":{"start":{"line":29,"column":47},"end":{"line":36,"column":3}}}},"branchMap":{},"s":{"0":5,"1":5,"2":4,"3":4,"4":4,"5":4,"6":3,"7":1,"8":5,"9":1,"10":1,"11":1,"12":1,"13":0,"14":5,"15":2,"16":2,"17":2,"18":2,"19":0,"20":5},"f":{"0":4,"1":4,"2":1,"3":1,"4":2,"5":2},"b":{}}
,"/Users/warren1230/Desktop/Projects/exams/chargeflow-test/src/utils/aws.ts": {"path":"/Users/warren1230/Desktop/Projects/exams/chargeflow-test/src/utils/aws.ts","statementMap":{"0":{"start":{"line":1,"column":0},"end":{"line":1,"column":26}},"1":{"start":{"line":2,"column":0},"end":{"line":2,"column":43}},"2":{"start":{"line":3,"column":0},"end":{"line":3,"column":43}},"3":{"start":{"line":5,"column":13},"end":{"line":5,"column":33}}},"fnMap":{},"branchMap":{},"s":{"0":3,"1":3,"2":3,"3":3},"f":{},"b":{}}
,"/Users/warren1230/Desktop/Projects/exams/chargeflow-test/src/utils/dynamoose.ts": {"path":"/Users/warren1230/Desktop/Projects/exams/chargeflow-test/src/utils/dynamoose.ts","statementMap":{"0":{"start":{"line":1,"column":0},"end":{"line":1,"column":39}},"1":{"start":{"line":3,"column":0},"end":{"line":5,"column":3}},"2":{"start":{"line":7,"column":13},"end":{"line":7,"column":46}}},"fnMap":{},"branchMap":{},"s":{"0":7,"1":7,"2":7},"f":{},"b":{}}
}
