TN:
SF:src/enums/index.ts
FN:1,(anonymous_0)
FNF:1
FNH:1
FNDA:8,(anonymous_0)
DA:1,8
DA:2,8
DA:3,8
DA:6,8
LF:4
LH:4
BRDA:1,0,0,8
BRDA:1,0,1,8
BRF:2
BRH:2
end_of_record
TN:
SF:src/functions/addProduct/handler.ts
FN:13,(anonymous_0)
FNF:1
FNH:1
FNDA:3,(anonymous_0)
DA:1,2
DA:6,2
DA:7,2
DA:11,2
DA:13,2
DA:14,3
DA:15,3
DA:16,2
DA:17,2
DA:21,1
DA:25,2
LF:11
LH:11
BRDA:15,0,0,3
BRDA:15,0,1,0
BRF:2
BRH:1
end_of_record
TN:
SF:src/functions/catalog/handler.ts
FN:9,(anonymous_0)
FNF:1
FNH:1
FNDA:1,(anonymous_0)
DA:1,1
DA:6,1
DA:7,1
DA:9,1
DA:10,1
DA:11,1
DA:12,1
DA:16,0
DA:20,1
LF:9
LH:8
BRF:0
BRH:0
end_of_record
TN:
SF:src/functions/checkout/handler.ts
FN:15,(anonymous_0)
FNF:1
FNH:1
FNDA:2,(anonymous_0)
DA:1,1
DA:6,1
DA:7,1
DA:8,1
DA:13,1
DA:15,1
DA:16,2
DA:17,2
DA:19,2
DA:22,1
DA:23,1
DA:27,1
DA:31,1
LF:13
LH:13
BRDA:17,0,0,2
BRDA:17,0,1,0
BRF:2
BRH:1
end_of_record
TN:
SF:src/functions/getProduct/handler.ts
FN:9,(anonymous_0)
FNF:1
FNH:1
FNDA:1,(anonymous_0)
DA:1,1
DA:6,1
DA:7,1
DA:9,1
DA:12,1
DA:13,1
DA:14,1
DA:15,1
DA:19,0
DA:23,1
LF:10
LH:9
BRF:0
BRH:0
end_of_record
TN:
SF:src/functions/sendEmail/handler.ts
FN:7,(anonymous_0)
FNF:1
FNH:1
FNDA:1,(anonymous_0)
DA:1,1
DA:2,1
DA:3,1
DA:7,1
DA:8,1
DA:12,1
DA:13,1
DA:14,1
DA:16,1
DA:17,1
DA:19,1
DA:20,1
DA:21,1
DA:23,0
DA:27,1
LF:15
LH:14
BRDA:13,0,0,0
BRF:1
BRH:0
end_of_record
TN:
SF:src/libs/api-gateway.ts
FN:16,(anonymous_0)
FN:23,(anonymous_1)
FN:33,(anonymous_2)
FNF:3
FNH:3
FNDA:6,(anonymous_0)
FNDA:2,(anonymous_1)
FNDA:4,(anonymous_2)
DA:16,5
DA:17,6
DA:23,5
DA:24,2
DA:33,5
DA:34,4
LF:6
LH:6
BRDA:27,0,0,1
BRDA:27,0,1,1
BRDA:37,1,0,1
BRDA:37,1,1,3
BRF:4
BRH:4
end_of_record
TN:
SF:src/libs/handler-resolver.ts
FN:1,(anonymous_0)
FNF:1
FNH:1
FNDA:1,(anonymous_0)
DA:1,1
DA:2,1
LF:2
LH:2
BRF:0
BRH:0
end_of_record
TN:
SF:src/libs/lambda.ts
FN:4,(anonymous_1)
FNF:1
FNH:1
FNDA:8,(anonymous_1)
DA:1,6
DA:2,6
DA:4,6
DA:5,8
LF:4
LH:4
BRF:0
BRH:0
end_of_record
TN:
SF:src/model/order.model.ts
FNF:0
FNH:0
DA:1,2
DA:2,2
DA:4,2
DA:6,2
DA:8,2
LF:5
LH:5
BRF:0
BRH:0
end_of_record
TN:
SF:src/model/product.model.ts
FNF:0
FNH:0
DA:1,7
DA:2,7
DA:3,7
DA:6,7
DA:8,7
LF:5
LH:5
BRF:0
BRH:0
end_of_record
TN:
SF:src/schema/order.schema.ts
FNF:0
FNH:0
DA:1,2
DA:2,2
DA:4,2
DA:10,2
LF:4
LH:4
BRF:0
BRH:0
end_of_record
TN:
SF:src/schema/product.schema.ts
FNF:0
FNH:0
DA:1,7
DA:3,7
DA:9,7
LF:3
LH:3
BRF:0
BRH:0
end_of_record
TN:
SF:src/services/email-sns.service.ts
FN:11,publishSNS
FN:12,(anonymous_1)
FN:19,(anonymous_2)
FN:31,(anonymous_3)
FN:36,(anonymous_4)
FN:45,(anonymous_5)
FNF:6
FNH:6
FNDA:2,publishSNS
FNDA:2,(anonymous_1)
FNDA:2,(anonymous_2)
FNDA:2,(anonymous_3)
FNDA:2,(anonymous_4)
FNDA:2,(anonymous_5)
DA:1,3
DA:2,3
DA:5,3
DA:6,3
DA:11,3
DA:12,2
DA:13,2
DA:14,2
DA:19,2
DA:20,2
DA:21,0
DA:23,2
DA:26,0
DA:31,3
DA:36,2
DA:37,2
DA:39,2
DA:45,2
DA:46,2
DA:47,2
LF:20
LH:18
BRDA:20,0,0,0
BRDA:46,1,0,0
BRF:2
BRH:0
end_of_record
TN:
SF:src/services/order.service.ts
FN:5,createOrder
FN:6,(anonymous_2)
FNF:2
FNH:2
FNDA:3,createOrder
FNDA:3,(anonymous_2)
DA:1,2
DA:2,2
DA:5,2
DA:6,3
DA:7,3
DA:8,3
DA:9,3
DA:10,2
DA:12,1
LF:9
LH:9
BRF:0
BRH:0
end_of_record
TN:
SF:src/services/product.service.ts
FN:5,addProduct
FN:6,(anonymous_2)
FN:17,getAllProducts
FN:18,(anonymous_4)
FN:28,getAProductById
FN:29,(anonymous_6)
FNF:6
FNH:6
FNDA:3,addProduct
FNDA:3,(anonymous_2)
FNDA:1,getAllProducts
FNDA:1,(anonymous_4)
FNDA:2,getAProductById
FNDA:2,(anonymous_6)
DA:1,5
DA:2,5
DA:5,5
DA:6,3
DA:7,3
DA:8,3
DA:9,3
DA:10,3
DA:12,0
DA:17,5
DA:18,1
DA:19,1
DA:20,1
DA:21,1
DA:23,0
DA:28,5
DA:29,2
DA:30,2
DA:31,2
DA:32,2
DA:34,0
LF:21
LH:18
BRF:0
BRH:0
end_of_record
TN:
SF:src/utils/aws.ts
FNF:0
FNH:0
DA:1,3
DA:2,3
DA:3,3
DA:5,3
LF:4
LH:4
BRF:0
BRH:0
end_of_record
TN:
SF:src/utils/dynamoose.ts
FNF:0
FNH:0
DA:1,7
DA:3,7
DA:7,7
LF:3
LH:3
BRF:0
BRH:0
end_of_record
